1024, 8, 0, 28.5714, 56.15%
4096, 8, 0, 117.6471, 56.76%
16384, 8, 0, 444.4444, 57.52%
65536, 8, 0, 1381.9163, 57.16%
262144, 8, 0, 2879.4376, 56.82%
1048576, 8, 0, 4082.7311, 56.82%
2097152, 8, 0, 4400.4566, 56.94%
4194304, 8, 0, 4593.8595, 56.84%
1024, 32, 0, 23.8095, 58.30%
4096, 32, 0, 125.0000, 56.81%
16384, 32, 0, 470.5882, 57.07%
65536, 32, 0, 1603.7589, 56.87%
262144, 32, 0, 5091.3610, 56.75%
1048576, 32, 0, 10265.6639, 56.83%
2097152, 32, 0, 12916.0426, 56.82%
4194304, 32, 0, 14850.6690, 56.81%
1024, 128, 0, 30.3030, 59.47%
4096, 128, 0, 121.2121, 56.91%
16384, 128, 0, 484.8485, 56.57%
65536, 128, 0, 1875.4578, 56.78%
262144, 128, 0, 5962.1544, 56.82%
1048576, 128, 0, 12815.0180, 56.82%
2097152, 128, 0, 16177.7344, 56.85%
4194304, 128, 0, 20393.9636, 56.84%
